mode: set
git.uscis.dhs.gov/USCIS/webta-cli/cmd/auth.go:25.34,34.2 2 1
git.uscis.dhs.gov/USCIS/webta-cli/cmd/auth.go:36.48,39.2 2 1
git.uscis.dhs.gov/USCIS/webta-cli/cmd/auth.go:41.13,53.2 1 1
git.uscis.dhs.gov/USCIS/webta-cli/cmd/root.go:42.16,43.42 1 1
git.uscis.dhs.gov/USCIS/webta-cli/cmd/root.go:43.42,46.3 2 0
git.uscis.dhs.gov/USCIS/webta-cli/cmd/root.go:49.13,61.2 4 1
git.uscis.dhs.gov/USCIS/webta-cli/cmd/root.go:64.19,65.19 1 1
git.uscis.dhs.gov/USCIS/webta-cli/cmd/root.go:81.2,84.45 2 1
git.uscis.dhs.gov/USCIS/webta-cli/cmd/root.go:65.19,68.3 1 0
git.uscis.dhs.gov/USCIS/webta-cli/cmd/root.go:68.8,71.17 2 1
git.uscis.dhs.gov/USCIS/webta-cli/cmd/root.go:77.3,78.36 2 1
git.uscis.dhs.gov/USCIS/webta-cli/cmd/root.go:71.17,74.4 2 0
git.uscis.dhs.gov/USCIS/webta-cli/cmd/root.go:84.45,86.3 1 0
